<?xml version="1.0" encoding="UTF-8"?>
<testng-results ignored="0" total="1" passed="1" failed="0" skipped="0">
  <reporter-output>
  </reporter-output>
  <suite started-at="2023-06-16T10:19:04 IST" name="Default suite" finished-at="2023-06-16T10:19:58 IST" duration-ms="53495">
    <groups>
    </groups>
    <test started-at="2023-06-16T10:19:04 IST" name="Default test" finished-at="2023-06-16T10:19:58 IST" duration-ms="53495">
      <class name="datadriventesting.LoginToActitime">
        <test-method signature="LoginActitimeTest()[pri:0, instance:datadriventesting.LoginToActitime@1ea9f6af]" started-at="2023-06-16T10:19:04 IST" name="LoginActitimeTest" finished-at="2023-06-16T10:19:58 IST" duration-ms="53432" status="PASS">
          <reporter-output>
          </reporter-output>
        </test-method> <!-- LoginActitimeTest -->
      </class> <!-- datadriventesting.LoginToActitime -->
    </test> <!-- Default test -->
  </suite> <!-- Default suite -->
</testng-results>
